{"C:\\Users\\zenle\\source\\QA_SoftUni_Repo\\SoftUni-QA-Courses\\BACKEND_TECHNOLOGIES_BASICS\\16.CodeCoverage\\js-jest-demo\\src\\index.js": {"path":"C:\\Users\\zenle\\source\\QA_SoftUni_Repo\\SoftUni-QA-Courses\\BACKEND_TECHNOLOGIES_BASICS\\16.CodeCoverage\\js-jest-demo\\src\\index.js","statementMap":{"0":{"start":{"line":2,"column":2},"end":{"line":2,"column":15}},"1":{"start":{"line":6,"column":2},"end":{"line":6,"column":15}}},"fnMap":{"0":{"name":"add","decl":{"start":{"line":1,"column":16},"end":{"line":1,"column":19}},"loc":{"start":{"line":1,"column":26},"end":{"line":3,"column":1}},"line":1},"1":{"name":"subtract","decl":{"start":{"line":5,"column":16},"end":{"line":5,"column":24}},"loc":{"start":{"line":5,"column":31},"end":{"line":7,"column":1}},"line":5}},"branchMap":{},"s":{"0":3,"1":5},"f":{"0":3,"1":5},"b":{},"_coverageSchema":"1a1c01bbd47fc00a2c39e90264f33305004495a9","hash":"5e9160e7943c36b4137f031a554c845ea4f783af"}
}
